[20160919 15:54:51 ERROR org.springframework.boot.SpringApplication:825] Application startup failed
java.lang.IllegalStateException: java.lang.IllegalStateException: Logback configuration error detected: 
ERROR in ch.qos.logback.core.joran.spi.Interpreter@3:77 - RuntimeException in Action for tag [property] java.lang.StringIndexOutOfBoundsException: String index out of range: 21
ERROR in ch.qos.logback.core.joran.spi.Interpreter@3:77 - RuntimeException in Action for tag [property] java.lang.StringIndexOutOfBoundsException: String index out of range: 21
	at org.springframework.boot.logging.LoggingApplicationListener.initializeSystem(LoggingApplicationListener.java:274) ~[spring-boot-1.3.1.RELEASE.jar:1.3.1.RELEASE]
	at org.springframework.boot.logging.LoggingApplicationListener.initialize(LoggingApplicationListener.java:233) ~[spring-boot-1.3.1.RELEASE.jar:1.3.1.RELEASE]
	at org.springframework.boot.logging.LoggingApplicationListener.onApplicationEnvironmentPreparedEvent(LoggingApplicationListener.java:200) ~[spring-boot-1.3.1.RELEASE.jar:1.3.1.RELEASE]
	at org.springframework.boot.logging.LoggingApplicationListener.onApplicationEvent(LoggingApplicationListener.java:176) ~[spring-boot-1.3.1.RELEASE.jar:1.3.1.RELEASE]
	at org.springframework.context.event.SimpleApplicationEventMulticaster.invokeListener(SimpleApplicationEventMulticaster.java:163) ~[spring-context-4.2.4.RELEASE.jar:4.2.4.RELEASE]
	at org.springframework.context.event.SimpleApplicationEventMulticaster.multicastEvent(SimpleApplicationEventMulticaster.java:136) ~[spring-context-4.2.4.RELEASE.jar:4.2.4.RELEASE]
	at org.springframework.context.event.SimpleApplicationEventMulticaster.multicastEvent(SimpleApplicationEventMulticaster.java:119) ~[spring-context-4.2.4.RELEASE.jar:4.2.4.RELEASE]
	at org.springframework.boot.context.event.EventPublishingRunListener.publishEvent(EventPublishingRunListener.java:111) ~[spring-boot-1.3.1.RELEASE.jar:1.3.1.RELEASE]
	at org.springframework.boot.context.event.EventPublishingRunListener.environmentPrepared(EventPublishingRunListener.java:65) ~[spring-boot-1.3.1.RELEASE.jar:1.3.1.RELEASE]
	at org.springframework.boot.SpringApplicationRunListeners.environmentPrepared(SpringApplicationRunListeners.java:54) ~[spring-boot-1.3.1.RELEASE.jar:1.3.1.RELEASE]
	at org.springframework.boot.SpringApplication.doRun(SpringApplication.java:325) [spring-boot-1.3.1.RELEASE.jar:1.3.1.RELEASE]
	at org.springframework.boot.SpringApplication.run(SpringApplication.java:305) [spring-boot-1.3.1.RELEASE.jar:1.3.1.RELEASE]
	at org.springframework.boot.SpringApplication.run(SpringApplication.java:1124) [spring-boot-1.3.1.RELEASE.jar:1.3.1.RELEASE]
	at org.springframework.boot.SpringApplication.run(SpringApplication.java:1113) [spring-boot-1.3.1.RELEASE.jar:1.3.1.RELEASE]
	at com.systrangroup.web.template.example.Application.main(Application.java:13) [classes/:na]
Caused by: java.lang.IllegalStateException: Logback configuration error detected: 
ERROR in ch.qos.logback.core.joran.spi.Interpreter@3:77 - RuntimeException in Action for tag [property] java.lang.StringIndexOutOfBoundsException: String index out of range: 21
ERROR in ch.qos.logback.core.joran.spi.Interpreter@3:77 - RuntimeException in Action for tag [property] java.lang.StringIndexOutOfBoundsException: String index out of range: 21
	at org.springframework.boot.logging.logback.LogbackLoggingSystem.loadConfiguration(LogbackLoggingSystem.java:153) ~[spring-boot-1.3.1.RELEASE.jar:1.3.1.RELEASE]
	at org.springframework.boot.logging.AbstractLoggingSystem.initializeWithSpecificConfig(AbstractLoggingSystem.java:56) ~[spring-boot-1.3.1.RELEASE.jar:1.3.1.RELEASE]
	at org.springframework.boot.logging.AbstractLoggingSystem.initialize(AbstractLoggingSystem.java:46) ~[spring-boot-1.3.1.RELEASE.jar:1.3.1.RELEASE]
	at org.springframework.boot.logging.logback.LogbackLoggingSystem.initialize(LogbackLoggingSystem.java:106) ~[spring-boot-1.3.1.RELEASE.jar:1.3.1.RELEASE]
	at org.springframework.boot.logging.LoggingApplicationListener.initializeSystem(LoggingApplicationListener.java:267) ~[spring-boot-1.3.1.RELEASE.jar:1.3.1.RELEASE]
	... 14 common frames omitted
